MPASM 5.84  /HOME/ANDRE/DOCUMENTS/2019.1/MIC   7-28-2019  22:25:38         PAGE  1


LOC  OBJECT CODE     LINE SOURCE TEXT
  VALUE

                      00001 ;* * * * * * * * * * * * * * * * * * * * * * * * * * * * * * * * * *
                      00002 ;*              MODIFICAÇÕES PARA USO COM 12F675                   *
                      00003 ;*                FEITAS PELO PROF. MARDSON                        *
                      00004 ;*                      JUNHO DE 2019                              *
                      00005 ;* * * * * * * * * * * * * * * * * * * * * * * * * * * * * * * * * *
                      00006 
                      00007 ;* * * * * * * * * * * * * * * * * * * * * * * * * * * * * * * * * *
                      00008 ;*                       NOME DO PROJETO                           *
                      00009 ;*                           CLIENTE                               *
                      00010 ;*         DESENVOLVIDO PELA MOSAICO ENGENHARIA E CONSULTORIA      *
                      00011 ;*   VERSÃO: 1.0                           DATA: 17/06/03          *
                      00012 ;* * * * * * * * * * * * * * * * * * * * * * * * * * * * * * * * * *
                      00013 ;*                     DESCRIÇÃO DO ARQUIVO                        *
                      00014 ;*-----------------------------------------------------------------*
                      00015 ;*   MODELO PARA O PIC 12F675                                      *
                      00016 ;*                                                                 *
                      00017 ;*                                                                 *
                      00018 ;* * * * * * * * * * * * * * * * * * * * * * * * * * * * * * * * * *
                      00019 
                      00020 ;* * * * * * * * * * * * * * * * * * * * * * * * * * * * * * * * * *
                      00021 ;*                     ARQUIVOS DE DEFINIÇÕES                      *
                      00022 ;* * * * * * * * * * * * * * * * * * * * * * * * * * * * * * * * * *
                      00023 #INCLUDE <p12f675.inc>  ;ARQUIVO PADRÃO MICROCHIP PARA 12F675
                      00001         LIST
                      00002 
                      00003 ;==========================================================================
                      00004 ; Build date : Mar 17 2019
                      00005 ;  MPASM PIC12F675 processor include
                      00006 ; 
                      00007 ;  (c) Copyright 1999-2019 Microchip Technology, All rights reserved
                      00008 ;==========================================================================
                      00009 
                      00367         LIST
                      00024 
2007   3FA4           00025         __CONFIG _BODEN_OFF & _CP_OFF & _PWRTE_ON & _WDT_OFF & _MCLRE_ON & _INTRC_OSC_NOCLKOUT
                      00026 
                      00027 ;* * * * * * * * * * * * * * * * * * * * * * * * * * * * * * * * * *
                      00028 ;*                    PAGINAÇÃO DE MEMÓRIA                         *
                      00029 ;* * * * * * * * * * * * * * * * * * * * * * * * * * * * * * * * * *
                      00030 ;DEFINIÇÃO DE COMANDOS DE USUÁRIO PARA ALTERAÇÃO DA PÁGINA DE MEMÓRIA
                      00031 #DEFINE BANK0   BCF STATUS,RP0  ;SETA BANK 0 DE MEMÓRIA
                      00032 #DEFINE BANK1   BSF STATUS,RP0  ;SETA BANK 1 DE MAMÓRIA
                      00033 
                      00034 ;* * * * * * * * * * * * * * * * * * * * * * * * * * * * * * * * * *
                      00035 ;*                         VARIÁVEIS                               *
                      00036 ;* * * * * * * * * * * * * * * * * * * * * * * * * * * * * * * * * *
                      00037 ; DEFINIÇÃO DOS NOMES E ENDEREÇOS DE TODAS AS VARIÁVEIS UTILIZADAS 
                      00038 ; PELO SISTEMA
                      00039 
                      00040         CBLOCK  0x20    ;ENDEREÇO INICIAL DA MEMÓRIA DE
                      00041                                         ;USUÁRIO
  00000020            00042                 W_TEMP          ;REGISTRADORES TEMPORÁRIOS PARA USO
  00000021            00043                 STATUS_TEMP     ;JUNTO ÀS INTERRUPÇÕES
MPASM 5.84  /HOME/ANDRE/DOCUMENTS/2019.1/MIC   7-28-2019  22:25:38         PAGE  2


LOC  OBJECT CODE     LINE SOURCE TEXT
  VALUE

                      00044 
                      00045                 ;NOVAS VARIÁVEIS
                      00046 
  00000022            00047                 DADO
  00000023            00048                 ZZ
                      00049                 
                      00050                 
                      00051         ENDC                    ;FIM DO BLOCO DE MEMÓRIA
                      00052 ;* * * * * * * * * * * * * * * * * * * * * * * * * * * * * * * * * *
                      00053 ;*                        FLAGS INTERNOS                           *
                      00054 ;* * * * * * * * * * * * * * * * * * * * * * * * * * * * * * * * * *
                      00055 ; DEFINIÇÃO DE TODOS OS FLAGS UTILIZADOS PELO SISTEMA
                      00056 
                      00057 ;* * * * * * * * * * * * * * * * * * * * * * * * * * * * * * * * * *
                      00058 ;*                         CONSTANTES                              *
                      00059 ;* * * * * * * * * * * * * * * * * * * * * * * * * * * * * * * * * *
                      00060 ; DEFINIÇÃO DE TODAS AS CONSTANTES UTILIZADAS PELO SISTEMA
                      00061 
                      00062 ;* * * * * * * * * * * * * * * * * * * * * * * * * * * * * * * * * *
                      00063 ;*                           ENTRADAS                              *
                      00064 ;* * * * * * * * * * * * * * * * * * * * * * * * * * * * * * * * * *
                      00065 ; DEFINIÇÃO DE TODOS OS PINOS QUE SERÃO UTILIZADOS COMO ENTRADA
                      00066 ; RECOMENDAMOS TAMBÉM COMENTAR O SIGNIFICADO DE SEUS ESTADOS (0 E 1)
                      00067 
                      00068 ;* * * * * * * * * * * * * * * * * * * * * * * * * * * * * * * * * *
                      00069 ;*                           SAÍDAS                                *
                      00070 ;* * * * * * * * * * * * * * * * * * * * * * * * * * * * * * * * * *
                      00071 ; DEFINIÇÃO DE TODOS OS PINOS QUE SERÃO UTILIZADOS COMO SAÍDA
                      00072 ; RECOMENDAMOS TAMBÉM COMENTAR O SIGNIFICADO DE SEUS ESTADOS (0 E 1)
                      00073 
                      00074 ;* * * * * * * * * * * * * * * * * * * * * * * * * * * * * * * * * *
                      00075 ;*                       VETOR DE RESET                            *
                      00076 ;* * * * * * * * * * * * * * * * * * * * * * * * * * * * * * * * * *
                      00077 
                      00078         ORG     0x00                    ;ENDEREÇO INICIAL DE PROCESSAMENTO
0000   2???           00079         GOTO    INICIO
                      00080         
                      00081 ;* * * * * * * * * * * * * * * * * * * * * * * * * * * * * * * * * *
                      00082 ;*                    INÍCIO DA INTERRUPÇÃO                        *
                      00083 ;* * * * * * * * * * * * * * * * * * * * * * * * * * * * * * * * * *
                      00084 ; ENDEREÇO DE DESVIO DAS INTERRUPÇÕES. A PRIMEIRA TAREFA É SALVAR OS
                      00085 ; VALORES DE "W" E "STATUS" PARA RECUPERAÇÃO FUTURA
                      00086 
                      00087         ORG     0x04                    ;ENDEREÇO INICIAL DA INTERRUPÇÃO
0004   00A0           00088         MOVWF   W_TEMP          ;COPIA W PARA W_TEMP
0005   0E03           00089         SWAPF   STATUS,W
0006   00A1           00090         MOVWF   STATUS_TEMP     ;COPIA STATUS PARA STATUS_TEMP
                      00091 
                      00092 ;* * * * * * * * * * * * * * * * * * * * * * * * * * * * * * * * * *
                      00093 ;*                    ROTINA DE INTERRUPÇÃO                        *
                      00094 ;* * * * * * * * * * * * * * * * * * * * * * * * * * * * * * * * * *
                      00095 ; AQUI SERÃO ESCRITAS AS ROTINAS DE RECONHECIMENTO E TRATAMENTO DAS
                      00096 ; INTERRUPÇÕES
MPASM 5.84  /HOME/ANDRE/DOCUMENTS/2019.1/MIC   7-28-2019  22:25:38         PAGE  3


LOC  OBJECT CODE     LINE SOURCE TEXT
  VALUE

                      00097 
                      00098 ;* * * * * * * * * * * * * * * * * * * * * * * * * * * * * * * * * *
                      00099 ;*                 ROTINA DE SAÍDA DA INTERRUPÇÃO                  *
                      00100 ;* * * * * * * * * * * * * * * * * * * * * * * * * * * * * * * * * *
                      00101 ; OS VALORES DE "W" E "STATUS" DEVEM SER RECUPERADOS ANTES DE 
                      00102 ; RETORNAR DA INTERRUPÇÃO
                      00103 
0007                  00104 SAI_INT
0007   0E21           00105         SWAPF   STATUS_TEMP,W
0008   0083           00106         MOVWF   STATUS          ;MOVE STATUS_TEMP PARA STATUS
0009   0EA0           00107         SWAPF   W_TEMP,F
000A   0E20           00108         SWAPF   W_TEMP,W        ;MOVE W_TEMP PARA W
000B   0009           00109         RETFIE
                      00110 
                      00111 ;* * * * * * * * * * * * * * * * * * * * * * * * * * * * * * * * * *
                      00112 ;*                       ROTINAS E SUBROTINAS                      *
                      00113 ;* * * * * * * * * * * * * * * * * * * * * * * * * * * * * * * * * *
                      00114 ; CADA ROTINA OU SUBROTINA DEVE POSSUIR A DESCRIÇÃO DE FUNCIONAMENTO
                      00115 ; E UM NOME COERENTE ÀS SUAS FUNÇÕES.
                      00116 
000C                  00117 SUBROTINA1
                      00118 
                      00119         ;CORPO DA ROTINA
                      00120 
000C   0008           00121         RETURN
                      00122 
                      00123 ;* * * * * * * * * * * * * * * * * * * * * * * * * * * * * * * * * *
                      00124 ;*                     INICIO DO PROGRAMA                          *
                      00125 ;* * * * * * * * * * * * * * * * * * * * * * * * * * * * * * * * * *
                      00126         
000D                  00127 INICIO
000D   1683           00128         BANK1                           ;ALTERA PARA O BANCO 1
000E   3001           00129         MOVLW   B'00000001' ;CONFIGURA TODAS AS PORTAS DO GPIO (PINOS)
Message[302]: Register in operand not in bank 0.  Ensure that bank bits are correct.
000F   0085           00130         MOVWF   TRISIO          ;COMO SAÍDAS
0010   3011           00131         MOVLW   B'00010001'
Message[302]: Register in operand not in bank 0.  Ensure that bank bits are correct.
0011   009F           00132         MOVWF   ANSEL           ;DEFINE PORTAS COMO Digital I/O
0012   3044           00133         MOVLW   B'01000100'
Message[302]: Register in operand not in bank 0.  Ensure that bank bits are correct.
0013   0081           00134         MOVWF   OPTION_REG      ;DEFINE OPÇÕES DE OPERAÇÃO
0014   3000           00135         MOVLW   B'00000000'
0015   008B           00136         MOVWF   INTCON          ;DEFINE OPÇÕES DE INTERRUPÇÕES
0016   1283           00137         BANK0                           ;RETORNA PARA O BANCO
0017   3001           00138         MOVLW   B'00000001'
0018   009F           00139         MOVWF   ADCON0
0019   3007           00140         MOVLW   B'00000111'
001A   0099           00141         MOVWF   CMCON           ;DEFINE O MODO DE OPERAÇÃO DO COMPARADOR ANALÓGICO
                      00142         
                      00143 
                      00144 ;* * * * * * * * * * * * * * * * * * * * * * * * * * * * * * * * * *
                      00145 ;*                     INICIALIZAÇÃO DAS VARIÁVEIS                 *
                      00146 ;* * * * * * * * * * * * * * * * * * * * * * * * * * * * * * * * * *
MPASM 5.84  /HOME/ANDRE/DOCUMENTS/2019.1/MIC   7-28-2019  22:25:38         PAGE  4


LOC  OBJECT CODE     LINE SOURCE TEXT
  VALUE

                      00147 
                      00148 ;* * * * * * * * * * * * * * * * * * * * * * * * * * * * * * * * * *
                      00149 ;*                     ROTINA PRINCIPAL                            *
                      00150 ;* * * * * * * * * * * * * * * * * * * * * * * * * * * * * * * * * *
001B                  00151 MAIN
                      00152 
                      00153         ;CORPO DA ROTINA PRINCIPAL
                      00154         
001B   3066           00155         MOVLW   .102
001C   00A3           00156         MOVWF   ZZ
001D   149F           00157         BSF     ADCON0,1
001E                  00158 AINDA_NAO_TERMINOU
001E   189F           00159         BTFSC   ADCON0,1
001F   2???           00160         GOTO    AINDA_NAO_TERMINOU
0020   0823           00161         MOVFW   ZZ
Message[305]: Using default destination of 1 (file).
0021   029E           00162         SUBWF   ADRESH      ;AQUI FICA A AQUISIÇÃO
0022   1803           00163         BTFSC   STATUS,C
0023   2???           00164         GOTO    SETA_GP5        
0024   1285           00165         BCF     GPIO,GP5
0025   2???           00166         GOTO    MAIN
0026                  00167 SETA_GP5    
0026   1685           00168         BSF     GPIO,GP5
0027   2???           00169         GOTO MAIN
                      00170 
                      00171 ;* * * * * * * * * * * * * * * * * * * * * * * * * * * * * * * * * *
                      00172 ;*                       FIM DO PROGRAMA                           *
                      00173 ;* * * * * * * * * * * * * * * * * * * * * * * * * * * * * * * * * *
                      00174 
3FA4                  00175         END
MPASM 5.84  /HOME/ANDRE/DOCUMENTS/2019.1/MIC   7-28-2019  22:25:38         PAGE  5


SYMBOL TABLE
  LABEL                             VALUE 

ADCON0                            0000001F
ADCS0                             00000004
ADCS1                             00000005
ADCS2                             00000006
ADFM                              00000007
ADIE                              00000006
ADIF                              00000006
ADON                              00000000
ADRESH                            0000001E
ADRESL                            0000009E
AINDA_NAO_TERMINOU                0000001E
ANS0                              00000000
ANS1                              00000001
ANS2                              00000002
ANS3                              00000003
ANSEL                             0000009F
BANK0                             BCF STATUS,RP0
BANK1                             BSF STATUS,RP0
C                                 00000000
CAL0                              00000002
CAL1                              00000003
CAL2                              00000004
CAL3                              00000005
CAL4                              00000006
CAL5                              00000007
CHS0                              00000002
CHS1                              00000003
CINV                              00000004
CIS                               00000003
CM0                               00000000
CM1                               00000001
CM2                               00000002
CMCON                             00000019
CMIE                              00000003
CMIF                              00000003
COUT                              00000006
DADO                              00000022
DC                                00000001
EEADR                             0000009B
EECON1                            0000009C
EECON2                            0000009D
EEDAT                             0000009A
EEDATA                            0000009A
EEIE                              00000007
EEIF                              00000007
F                                 00000001
FSR                               00000004
GIE                               00000007
GO                                00000001
GO_DONE                           00000001
GO_NOT_DONE                       00000001
GP0                               00000000
GP1                               00000001
MPASM 5.84  /HOME/ANDRE/DOCUMENTS/2019.1/MIC   7-28-2019  22:25:38         PAGE  6


SYMBOL TABLE
  LABEL                             VALUE 

GP2                               00000002
GP3                               00000003
GP4                               00000004
GP5                               00000005
GPIE                              00000003
GPIF                              00000000
GPIO                              00000005
GPIO0                             00000000
GPIO1                             00000001
GPIO2                             00000002
GPIO3                             00000003
GPIO4                             00000004
GPIO5                             00000005
INDF                              00000000
INICIO                            0000000D
INTCON                            0000000B
INTE                              00000004
INTEDG                            00000006
INTF                              00000001
IOC                               00000096
IOC0                              00000000
IOC1                              00000001
IOC2                              00000002
IOC3                              00000003
IOC4                              00000004
IOC5                              00000005
IOCB                              00000096
IOCB0                             00000000
IOCB1                             00000001
IOCB2                             00000002
IOCB3                             00000003
IOCB4                             00000004
IOCB5                             00000005
IRP                               00000007
MAIN                              0000001B
NOT_BOD                           00000000
NOT_BOR                           00000000
NOT_DONE                          00000001
NOT_GPPU                          00000007
NOT_PD                            00000003
NOT_POR                           00000001
NOT_T1SYNC                        00000002
NOT_TO                            00000004
OPTION_REG                        00000081
OSCCAL                            00000090
PCL                               00000002
PCLATH                            0000000A
PCON                              0000008E
PEIE                              00000006
PIE1                              0000008C
PIR1                              0000000C
PS0                               00000000
PS1                               00000001
MPASM 5.84  /HOME/ANDRE/DOCUMENTS/2019.1/MIC   7-28-2019  22:25:38         PAGE  7


SYMBOL TABLE
  LABEL                             VALUE 

PS2                               00000002
PSA                               00000003
RD                                00000000
RP0                               00000005
RP1                               00000006
SAI_INT                           00000007
SETA_GP5                          00000026
STATUS                            00000003
STATUS_TEMP                       00000021
SUBROTINA1                        0000000C
T0CS                              00000005
T0IE                              00000005
T0IF                              00000002
T0SE                              00000004
T1CKPS0                           00000004
T1CKPS1                           00000005
T1CON                             00000010
T1IE                              00000000
T1IF                              00000000
T1OSCEN                           00000003
TMR0                              00000001
TMR0IE                            00000005
TMR0IF                            00000002
TMR1                              0000000E
TMR1CS                            00000001
TMR1GE                            00000006
TMR1H                             0000000F
TMR1IE                            00000000
TMR1IF                            00000000
TMR1L                             0000000E
TMR1ON                            00000000
TRISIO                            00000085
TRISIO0                           00000000
TRISIO1                           00000001
TRISIO2                           00000002
TRISIO3                           00000003
TRISIO4                           00000004
TRISIO5                           00000005
VCFG                              00000006
VR0                               00000000
VR1                               00000001
VR2                               00000002
VR3                               00000003
VRCON                             00000099
VREN                              00000007
VRR                               00000005
W                                 00000000
WPU                               00000095
WPU0                              00000000
WPU1                              00000001
WPU2                              00000002
WPU4                              00000004
WPU5                              00000005
MPASM 5.84  /HOME/ANDRE/DOCUMENTS/2019.1/MIC   7-28-2019  22:25:38         PAGE  8


SYMBOL TABLE
  LABEL                             VALUE 

WR                                00000001
WREN                              00000002
WRERR                             00000003
W_TEMP                            00000020
Z                                 00000002
ZZ                                00000023
_BODEN_OFF                        00003FBF
_BODEN_ON                         00003FFF
_BOREN_OFF                        00003FBF
_BOREN_ON                         00003FFF
_CONFIG                           00002007
_CPD_OFF                          00003FFF
_CPD_ON                           00003EFF
_CP_OFF                           00003FFF
_CP_ON                            00003F7F
_DEVID1                           00002006
_EC_OSC                           00003FFB
_EXTRC_OSC_CLKOUT                 00003FFF
_EXTRC_OSC_NOCLKOUT               00003FFE
_FOSC_EC                          00003FFB
_FOSC_EXTRCCLK                    00003FFF
_FOSC_EXTRCIO                     00003FFE
_FOSC_HS                          00003FFA
_FOSC_INTRCCLK                    00003FFD
_FOSC_INTRCIO                     00003FFC
_FOSC_LP                          00003FF8
_FOSC_XT                          00003FF9
_HS_OSC                           00003FFA
_IDLOC0                           00002000
_IDLOC1                           00002001
_IDLOC2                           00002002
_IDLOC3                           00002003
_INTRC_OSC_CLKOUT                 00003FFD
_INTRC_OSC_NOCLKOUT               00003FFC
_LP_OSC                           00003FF8
_MCLRE_OFF                        00003FDF
_MCLRE_ON                         00003FFF
_PWRTE_OFF                        00003FFF
_PWRTE_ON                         00003FEF
_WDTE_OFF                         00003FF7
_WDTE_ON                          00003FFF
_WDT_OFF                          00003FF7
_WDT_ON                           00003FFF
_XT_OSC                           00003FF9
__12F675                          00000001
__DEBUG                           
__MPLAB_DEBUGGER_SIMULATOR        1

Errors   :     0
Warnings :     0 reported,     0 suppressed
Messages :     4 reported,     0 suppressed

