Message[302] /home/andre/Documents/2019.1/Microcontroladores/Atividade_4.X/Atividade_4.ASM 130 : Register in operand not in bank 0.  Ensure that bank bits are correct.
Message[302] /home/andre/Documents/2019.1/Microcontroladores/Atividade_4.X/Atividade_4.ASM 131 : Register in operand not in bank 0.  Ensure that bank bits are correct.
Message[302] /home/andre/Documents/2019.1/Microcontroladores/Atividade_4.X/Atividade_4.ASM 133 : Register in operand not in bank 0.  Ensure that bank bits are correct.
Warning[207] /home/andre/Documents/2019.1/Microcontroladores/Atividade_4.X/Atividade_4.ASM 163 : Found label after column 1. (DELAY_5_INICIAL)
Warning[207] /home/andre/Documents/2019.1/Microcontroladores/Atividade_4.X/Atividade_4.ASM 170 : Found label after column 1. (DELAY_95_INICIAL)
Message[305] /home/andre/Documents/2019.1/Microcontroladores/Atividade_4.X/Atividade_4.ASM 172 : Using default destination of 1 (file).
Warning[207] /home/andre/Documents/2019.1/Microcontroladores/Atividade_4.X/Atividade_4.ASM 175 : Found label after column 1. (ESCOLHA_LED)
Warning[207] /home/andre/Documents/2019.1/Microcontroladores/Atividade_4.X/Atividade_4.ASM 182 : Found label after column 1. (DESLIGA_LEDS)
Error[113]   /home/andre/Documents/2019.1/Microcontroladores/Atividade_4.X/Atividade_4.ASM 186 : Symbol not previously defined (TESTE)
Warning[207] /home/andre/Documents/2019.1/Microcontroladores/Atividade_4.X/Atividade_4.ASM 191 : Found label after column 1. (VERMELHO)
Warning[207] /home/andre/Documents/2019.1/Microcontroladores/Atividade_4.X/Atividade_4.ASM 200 : Found label after column 1. (VERMELHO_SESSENTA_CEM)
Error[113]   /home/andre/Documents/2019.1/Microcontroladores/Atividade_4.X/Atividade_4.ASM 202 : Symbol not previously defined (VERMELHO_DUTY_CYCLE_600)
Warning[207] /home/andre/Documents/2019.1/Microcontroladores/Atividade_4.X/Atividade_4.ASM 205 : Found label after column 1. (VERMELHO_DUTY_CYCLE_5)
Warning[207] /home/andre/Documents/2019.1/Microcontroladores/Atividade_4.X/Atividade_4.ASM 207 : Found label after column 1. (...DELAY_95)
Warning[207] /home/andre/Documents/2019.1/Microcontroladores/Atividade_4.X/Atividade_4.ASM 209 : Found label after column 1. (VERMELHO_DUTY_CYCLE_20)
Warning[207] /home/andre/Documents/2019.1/Microcontroladores/Atividade_4.X/Atividade_4.ASM 211 : Found label after column 1. (...DELAY_95)
Error[116]   /home/andre/Documents/2019.1/Microcontroladores/Atividade_4.X/Atividade_4.ASM 211 : Address label duplicated or different in second pass (...DELAY_95)
Warning[207] /home/andre/Documents/2019.1/Microcontroladores/Atividade_4.X/Atividade_4.ASM 213 : Found label after column 1. (VERMELHO_DUTY_CYCLE_60)
Warning[207] /home/andre/Documents/2019.1/Microcontroladores/Atividade_4.X/Atividade_4.ASM 215 : Found label after column 1. (...DELAY_95)
Error[116]   /home/andre/Documents/2019.1/Microcontroladores/Atividade_4.X/Atividade_4.ASM 215 : Address label duplicated or different in second pass (...DELAY_95)
Warning[207] /home/andre/Documents/2019.1/Microcontroladores/Atividade_4.X/Atividade_4.ASM 217 : Found label after column 1. (VERMELHO_DUTY_CYCLE_100)
Warning[207] /home/andre/Documents/2019.1/Microcontroladores/Atividade_4.X/Atividade_4.ASM 219 : Found label after column 1. (...DELAY_95)
Error[116]   /home/andre/Documents/2019.1/Microcontroladores/Atividade_4.X/Atividade_4.ASM 219 : Address label duplicated or different in second pass (...DELAY_95)
Warning[207] /home/andre/Documents/2019.1/Microcontroladores/Atividade_4.X/Atividade_4.ASM 221 : Found label after column 1. (VERDE_AZUL)
Warning[207] /home/andre/Documents/2019.1/Microcontroladores/Atividade_4.X/Atividade_4.ASM 229 : Found label after column 1. (AZUL)
Warning[207] /home/andre/Documents/2019.1/Microcontroladores/Atividade_4.X/Atividade_4.ASM 238 : Found label after column 1. (AZUL_SESSENTA_CEM)
Error[113]   /home/andre/Documents/2019.1/Microcontroladores/Atividade_4.X/Atividade_4.ASM 240 : Symbol not previously defined (AZUL_DUTY_CYCLE_600)
Warning[207] /home/andre/Documents/2019.1/Microcontroladores/Atividade_4.X/Atividade_4.ASM 243 : Found label after column 1. (AZUL_DUTY_CYCLE_5)
Warning[207] /home/andre/Documents/2019.1/Microcontroladores/Atividade_4.X/Atividade_4.ASM 245 : Found label after column 1. (...DELAY_95)
Error[116]   /home/andre/Documents/2019.1/Microcontroladores/Atividade_4.X/Atividade_4.ASM 245 : Address label duplicated or different in second pass (...DELAY_95)
Warning[207] /home/andre/Documents/2019.1/Microcontroladores/Atividade_4.X/Atividade_4.ASM 247 : Found label after column 1. (AZUL_DUTY_CYCLE_20)
Warning[207] /home/andre/Documents/2019.1/Microcontroladores/Atividade_4.X/Atividade_4.ASM 249 : Found label after column 1. (...DELAY_95)
Error[116]   /home/andre/Documents/2019.1/Microcontroladores/Atividade_4.X/Atividade_4.ASM 249 : Address label duplicated or different in second pass (...DELAY_95)
Warning[207] /home/andre/Documents/2019.1/Microcontroladores/Atividade_4.X/Atividade_4.ASM 251 : Found label after column 1. (AZUL_DUTY_CYCLE_60)
Warning[207] /home/andre/Documents/2019.1/Microcontroladores/Atividade_4.X/Atividade_4.ASM 253 : Found label after column 1. (...DELAY_95)
Error[116]   /home/andre/Documents/2019.1/Microcontroladores/Atividade_4.X/Atividade_4.ASM 253 : Address label duplicated or different in second pass (...DELAY_95)
Warning[207] /home/andre/Documents/2019.1/Microcontroladores/Atividade_4.X/Atividade_4.ASM 255 : Found label after column 1. (AZUL_DUTY_CYCLE_100)
Warning[207] /home/andre/Documents/2019.1/Microcontroladores/Atividade_4.X/Atividade_4.ASM 257 : Found label after column 1. (...DELAY_95)
Error[116]   /home/andre/Documents/2019.1/Microcontroladores/Atividade_4.X/Atividade_4.ASM 257 : Address label duplicated or different in second pass (...DELAY_95)
Warning[207] /home/andre/Documents/2019.1/Microcontroladores/Atividade_4.X/Atividade_4.ASM 262 : Found label after column 1. (VERDE)
Warning[207] /home/andre/Documents/2019.1/Microcontroladores/Atividade_4.X/Atividade_4.ASM 271 : Found label after column 1. (VERDE_SESSENTA_CEM)
Error[113]   /home/andre/Documents/2019.1/Microcontroladores/Atividade_4.X/Atividade_4.ASM 273 : Symbol not previously defined (VERDE_DUTY_CYCLE_600)
Warning[207] /home/andre/Documents/2019.1/Microcontroladores/Atividade_4.X/Atividade_4.ASM 276 : Found label after column 1. (VERDE_DUTY_CYCLE_5)
Warning[207] /home/andre/Documents/2019.1/Microcontroladores/Atividade_4.X/Atividade_4.ASM 278 : Found label after column 1. (...DELAY_95)
Error[116]   /home/andre/Documents/2019.1/Microcontroladores/Atividade_4.X/Atividade_4.ASM 278 : Address label duplicated or different in second pass (...DELAY_95)
Warning[207] /home/andre/Documents/2019.1/Microcontroladores/Atividade_4.X/Atividade_4.ASM 280 : Found label after column 1. (VERDE_DUTY_CYCLE_20)
Warning[207] /home/andre/Documents/2019.1/Microcontroladores/Atividade_4.X/Atividade_4.ASM 282 : Found label after column 1. (...DELAY_95)
Error[116]   /home/andre/Documents/2019.1/Microcontroladores/Atividade_4.X/Atividade_4.ASM 282 : Address label duplicated or different in second pass (...DELAY_95)
Warning[207] /home/andre/Documents/2019.1/Microcontroladores/Atividade_4.X/Atividade_4.ASM 284 : Found label after column 1. (VERDE_DUTY_CYCLE_60)
Warning[207] /home/andre/Documents/2019.1/Microcontroladores/Atividade_4.X/Atividade_4.ASM 286 : Found label after column 1. (...DELAY_95)
Error[116]   /home/andre/Documents/2019.1/Microcontroladores/Atividade_4.X/Atividade_4.ASM 286 : Address label duplicated or different in second pass (...DELAY_95)
Warning[207] /home/andre/Documents/2019.1/Microcontroladores/Atividade_4.X/Atividade_4.ASM 288 : Found label after column 1. (VERDE_DUTY_CYCLE_100)
Warning[207] /home/andre/Documents/2019.1/Microcontroladores/Atividade_4.X/Atividade_4.ASM 290 : Found label after column 1. (...DELAY_95)
Error[116]   /home/andre/Documents/2019.1/Microcontroladores/Atividade_4.X/Atividade_4.ASM 290 : Address label duplicated or different in second pass (...DELAY_95)
