MPASM 5.84  /HOME/ANDRE/DOCUMENTS/2019.1/MIC   8-15-2019  13:07:32         PAGE  1


LOC  OBJECT CODE     LINE SOURCE TEXT
  VALUE

                      00001 ;* * * * * * * * * * * * * * * * * * * * * * * * * * * * * * * * * *
                      00002 ;*              MODIFICAÇÕES PARA USO COM 12F675                   *
                      00003 ;*                FEITAS PELO PROF. MARDSON                        *
                      00004 ;*                    FEVEREIRO DE 2014                            *
                      00005 ;* * * * * * * * * * * * * * * * * * * * * * * * * * * * * * * * * *
                      00006 
                      00007 ;* * * * * * * * * * * * * * * * * * * * * * * * * * * * * * * * * *
                      00008 ;*                       NOME DO PROJETO                           *
                      00009 ;*                           CLIENTE                               *
                      00010 ;*         DESENVOLVIDO PELA MOSAICO ENGENHARIA E CONSULTORIA      *
                      00011 ;*   VERSÃO: 1.0                           DATA: 17/06/03          *
                      00012 ;* * * * * * * * * * * * * * * * * * * * * * * * * * * * * * * * * *
                      00013 ;*                     DESCRIÇÃO DO ARQUIVO                        *
                      00014 ;*-----------------------------------------------------------------*
                      00015 ;*   MODELO PARA O PIC 12F675                                      *
                      00016 ;*                                                                 *
                      00017 ;*                                                                 *
                      00018 ;* * * * * * * * * * * * * * * * * * * * * * * * * * * * * * * * * *
                      00019 
                      00020 ;* * * * * * * * * * * * * * * * * * * * * * * * * * * * * * * * * *
                      00021 ;*                     ARQUIVOS DE DEFINIÇÕES                      *
                      00022 ;* * * * * * * * * * * * * * * * * * * * * * * * * * * * * * * * * *
                      00023 #INCLUDE <p12f675.inc>  ;ARQUIVO PADRÃO MICROCHIP PARA 12F675
                      00001         LIST
                      00002 
                      00003 ;==========================================================================
                      00004 ; Build date : Mar 17 2019
                      00005 ;  MPASM PIC12F675 processor include
                      00006 ; 
                      00007 ;  (c) Copyright 1999-2019 Microchip Technology, All rights reserved
                      00008 ;==========================================================================
                      00009 
                      00367         LIST
                      00024 
2007   3FA4           00025         __CONFIG _BODEN_OFF & _CP_OFF & _PWRTE_ON & _WDT_OFF & _MCLRE_ON & _INTRC_OSC_NOCLKOUT
                      00026 
                      00027 ;* * * * * * * * * * * * * * * * * * * * * * * * * * * * * * * * * *
                      00028 ;*                    PAGINAÇÃO DE MEMÓRIA                         *
                      00029 ;* * * * * * * * * * * * * * * * * * * * * * * * * * * * * * * * * *
                      00030 ;DEFINIÇÃO DE COMANDOS DE USUÁRIO PARA ALTERAÇÃO DA PÁGINA DE MEMÓRIA
                      00031 #DEFINE BANK0   BCF STATUS,RP0  ;SETA BANK 0 DE MEMÓRIA
                      00032 #DEFINE BANK1   BSF STATUS,RP0  ;SETA BANK 1 DE MAMÓRIA
                      00033 
                      00034 ;* * * * * * * * * * * * * * * * * * * * * * * * * * * * * * * * * *
                      00035 ;*                         VARIÁVEIS                               *
                      00036 ;* * * * * * * * * * * * * * * * * * * * * * * * * * * * * * * * * *
                      00037 ; DEFINIÇÃO DOS NOMES E ENDEREÇOS DE TODAS AS VARIÁVEIS UTILIZADAS 
                      00038 ; PELO SISTEMA
                      00039 
                      00040         CBLOCK  0x20    ;ENDEREÇO INICIAL DA MEMÓRIA DE
                      00041                                         ;USUÁRIO
  00000020            00042                 W_TEMP          ;REGISTRADORES TEMPORÁRIOS PARA USO
  00000021            00043                 STATUS_TEMP     ;JUNTO ÀS INTERRUPÇÕES
MPASM 5.84  /HOME/ANDRE/DOCUMENTS/2019.1/MIC   8-15-2019  13:07:32         PAGE  2


LOC  OBJECT CODE     LINE SOURCE TEXT
  VALUE

  00000022            00044                 DADO            ;ARMAZENA O DADO PARA A EEPROM
                      00045 
                      00046                 ;NOVAS VARIÁVEIS
                      00047                 
  00000023            00048                 END1
  00000024            00049                 END2
  00000025            00050                 VALOR_LIDO1
  00000026            00051                 VALOR_LIDO2
                      00052 
                      00053         ENDC                    ;FIM DO BLOCO DE MEMÓRIA
                      00054 ;* * * * * * * * * * * * * * * * * * * * * * * * * * * * * * * * * *
                      00055 ;*                        FLAGS INTERNOS                           *
                      00056 ;* * * * * * * * * * * * * * * * * * * * * * * * * * * * * * * * * *
                      00057 ; DEFINIÇÃO DE TODOS OS FLAGS UTILIZADOS PELO SISTEMA
                      00058 
                      00059 ;* * * * * * * * * * * * * * * * * * * * * * * * * * * * * * * * * *
                      00060 ;*                         CONSTANTES                              *
                      00061 ;* * * * * * * * * * * * * * * * * * * * * * * * * * * * * * * * * *
                      00062 ; DEFINIÇÃO DE TODAS AS CONSTANTES UTILIZADAS PELO SISTEMA
                      00063 ; INICIALIZAÇÃO DA EEPROM, DE ACORDO COM A DESCRIÇÃO NO ARQUIVO "Def_Rega_Formigas.inc"
                      00064 
                      00065 ;A PARTIR DO ENDEREÇO ZERO DA EEPROM, DADOS EM ORDEM ALEATÓRIA
2100                  00066         ORG 0x2100
2100   0089 001E 0039 00067         DE      0X89,0X1E,0X39,0X9F,0XC2,0X0C,0XAB,0X33,0X63,0XD3,0X95,0X7B,0X38,0XD6,0X1E,0X48
       009F 00C2 000C 
       00AB 0033 0063 
       00D3 0095 007B 
       0038 00D6 001E 
       0048 
2110   00DB 00D8 0086 00068         DE      0XDB,0XD8,0X86,0XFD,0XA5,0XFC,0X0C,0XBE,0X68,0X9B,0XD9,0X10,0XD8,0XEC,0X90,0X91
       00FD 00A5 00FC 
       000C 00BE 0068 
       009B 00D9 0010 
       00D8 00EC 0090 
       0091 
2120   00AA 00BB 00CC 00069         DE      0XAA,0XBB,0XCC,0XDD,0XEE,0XF1,0XC9,0X77
       00DD 00EE 00F1 
       00C9 0077 
                      00070 
                      00071 ;* * * * * * * * * * * * * * * * * * * * * * * * * * * * * * * * * *
                      00072 ;*                           ENTRADAS                              *
                      00073 ;* * * * * * * * * * * * * * * * * * * * * * * * * * * * * * * * * *
                      00074 ; DEFINIÇÃO DE TODOS OS PINOS QUE SERÃO UTILIZADOS COMO ENTRADA
                      00075 ; RECOMENDAMOS TAMBÉM COMENTAR O SIGNIFICADO DE SEUS ESTADOS (0 E 1)
                      00076 
                      00077 ;* * * * * * * * * * * * * * * * * * * * * * * * * * * * * * * * * *
                      00078 ;*                           SAÍDAS                                *
                      00079 ;* * * * * * * * * * * * * * * * * * * * * * * * * * * * * * * * * *
                      00080 ; DEFINIÇÃO DE TODOS OS PINOS QUE SERÃO UTILIZADOS COMO SAÍDA
                      00081 ; RECOMENDAMOS TAMBÉM COMENTAR O SIGNIFICADO DE SEUS ESTADOS (0 E 1)
                      00082 
                      00083 ;* * * * * * * * * * * * * * * * * * * * * * * * * * * * * * * * * *
                      00084 ;*                       VETOR DE RESET                            *
MPASM 5.84  /HOME/ANDRE/DOCUMENTS/2019.1/MIC   8-15-2019  13:07:32         PAGE  3


LOC  OBJECT CODE     LINE SOURCE TEXT
  VALUE

                      00085 ;* * * * * * * * * * * * * * * * * * * * * * * * * * * * * * * * * *
                      00086 
0000                  00087         ORG     0x00                    ;ENDEREÇO INICIAL DE PROCESSAMENTO
0000   2825           00088         GOTO    INICIO
                      00089         
                      00090 ;* * * * * * * * * * * * * * * * * * * * * * * * * * * * * * * * * *
                      00091 ;*                    INÍCIO DA INTERRUPÇÃO                        *
                      00092 ;* * * * * * * * * * * * * * * * * * * * * * * * * * * * * * * * * *
                      00093 ; ENDEREÇO DE DESVIO DAS INTERRUPÇÕES. A PRIMEIRA TAREFA É SALVAR OS
                      00094 ; VALORES DE "W" E "STATUS" PARA RECUPERAÇÃO FUTURA
                      00095 
0004                  00096         ORG     0x04                    ;ENDEREÇO INICIAL DA INTERRUPÇÃO
0004   00A0           00097         MOVWF   W_TEMP          ;COPIA W PARA W_TEMP
0005   0E03           00098         SWAPF   STATUS,W
0006   00A1           00099         MOVWF   STATUS_TEMP     ;COPIA STATUS PARA STATUS_TEMP
                      00100 
                      00101 ;* * * * * * * * * * * * * * * * * * * * * * * * * * * * * * * * * *
                      00102 ;*                    ROTINA DE INTERRUPÇÃO                        *
                      00103 ;* * * * * * * * * * * * * * * * * * * * * * * * * * * * * * * * * *
                      00104 ; AQUI SERÃO ESCRITAS AS ROTINAS DE RECONHECIMENTO E TRATAMENTO DAS
                      00105 ; INTERRUPÇÕES
                      00106 
                      00107 ;* * * * * * * * * * * * * * * * * * * * * * * * * * * * * * * * * *
                      00108 ;*                 ROTINA DE SAÍDA DA INTERRUPÇÃO                  *
                      00109 ;* * * * * * * * * * * * * * * * * * * * * * * * * * * * * * * * * *
                      00110 ; OS VALORES DE "W" E "STATUS" DEVEM SER RECUPERADOS ANTES DE 
                      00111 ; RETORNAR DA INTERRUPÇÃO
                      00112 
0007                  00113 SAI_INT
0007   0E21           00114         SWAPF   STATUS_TEMP,W
0008   0083           00115         MOVWF   STATUS          ;MOVE STATUS_TEMP PARA STATUS
0009   0EA0           00116         SWAPF   W_TEMP,F
000A   0E20           00117         SWAPF   W_TEMP,W        ;MOVE W_TEMP PARA W
000B   0009           00118         RETFIE
                      00119 
                      00120 ;* * * * * * * * * * * * * * * * * * * * * * * * * * * * * * * * * *
                      00121 ;*                       ROTINAS E SUBROTINAS                      *
                      00122 ;* * * * * * * * * * * * * * * * * * * * * * * * * * * * * * * * * *
                      00123 ; CADA ROTINA OU SUBROTINA DEVE POSSUIR A DESCRIÇÃO DE FUNCIONAMENTO
                      00124 ; E UM NOME COERENTE ÀS SUAS FUNÇÕES.
000C                  00125 LE_EEPROM
                      00126 ;LER DADO DA EEPROM, CUJO ENDEREÇO É INDICADO EM W
                      00127 ;DADO LIDO RETORNA EM W
000C   397F           00128         ANDLW   .127            ;LIMITA ENDEREÇO MAX. 127
000D   1683           00129         BANK1                           ;ACESSO VIA BANK 1
Message[302]: Register in operand not in bank 0.  Ensure that bank bits are correct.
000E   009B           00130         MOVWF   EEADR           ;INDICA O END. DE LEITURA
Message[302]: Register in operand not in bank 0.  Ensure that bank bits are correct.
000F   141C           00131         BSF             EECON1,RD       ;INICIA O PROCESSO DE LEITURA
Message[302]: Register in operand not in bank 0.  Ensure that bank bits are correct.
0010   081A           00132         MOVF    EEDATA,W        ;COLOCA DADO LIDO EM W
0011   1283           00133         BANK0                           ;POSICIONA PARA BANK 0
0012   0008           00134         RETURN
MPASM 5.84  /HOME/ANDRE/DOCUMENTS/2019.1/MIC   8-15-2019  13:07:32         PAGE  4


LOC  OBJECT CODE     LINE SOURCE TEXT
  VALUE

                      00135 
0013                  00136 GRAVA_EEPROM
                      00137 ;ESCREVE DADO (DADO) NA EEPROM, CUJO ENDEREÇO É INDICADO EM W
0013   397F           00138         ANDLW   .127            ;LIMITA ENDEREÇO MAX. 127
0014   1683           00139         BANK1                           ;ACESSO VIA BANK 1
Message[302]: Register in operand not in bank 0.  Ensure that bank bits are correct.
0015   009B           00140         MOVWF   EEADR
0016   0822           00141         MOVF    DADO,W
Message[302]: Register in operand not in bank 0.  Ensure that bank bits are correct.
0017   009A           00142         MOVWF   EEDATA
Message[302]: Register in operand not in bank 0.  Ensure that bank bits are correct.
0018   151C           00143         BSF             EECON1,WREN ;HABILITA ESCRITA
0019   138B           00144         BCF             INTCON,GIE      ;DESLIGA INTERRUPÇÕES
001A   3055           00145         MOVLW   B'01010101'     ;DESBLOQUEIA ESCRITA
Message[302]: Register in operand not in bank 0.  Ensure that bank bits are correct.
001B   009D           00146         MOVWF   EECON2          ;
001C   30AA           00147         MOVLW   B'10101010'     ;DESBLOQUEIA ESCRITA
Message[302]: Register in operand not in bank 0.  Ensure that bank bits are correct.
001D   009D           00148         MOVWF   EECON2          ;
Message[302]: Register in operand not in bank 0.  Ensure that bank bits are correct.
001E   149C           00149         BSF             EECON1,WR ;INICIA A ESCRITA
001F                  00150 AGUARDA
Message[302]: Register in operand not in bank 0.  Ensure that bank bits are correct.
001F   189C           00151         BTFSC   EECON1,WR ;TERMINOU?
0020   281F           00152         GOTO    AGUARDA
0021   178B           00153         BSF             INTCON,GIE ;HABILITA INTERRUPÇÕES
0022   1283           00154         BANK0                           ;POSICIONA PARA BANK 0
0023   0008           00155         RETURN
                      00156 
0024                  00157 SUBROTINA1
                      00158 
                      00159         ;CORPO DA ROTINA
                      00160 
0024   0008           00161         RETURN
                      00162 
                      00163 ;* * * * * * * * * * * * * * * * * * * * * * * * * * * * * * * * * *
                      00164 ;*                     INICIO DO PROGRAMA                          *
                      00165 ;* * * * * * * * * * * * * * * * * * * * * * * * * * * * * * * * * *
                      00166         
0025                  00167 INICIO
0025   1683           00168         BANK1                           ;ALTERA PARA O BANCO 1
0026   3000           00169         MOVLW   B'00000000' ;CONFIGURA TODAS AS PORTAS DO GPIO (PINOS)
Message[302]: Register in operand not in bank 0.  Ensure that bank bits are correct.
0027   0085           00170         MOVWF   TRISIO          ;COMO SAÍDAS
Message[302]: Register in operand not in bank 0.  Ensure that bank bits are correct.
0028   019F           00171         CLRF    ANSEL           ;DEFINE PORTAS COMO Digital I/O
0029   3004           00172         MOVLW   B'00000100'
Message[302]: Register in operand not in bank 0.  Ensure that bank bits are correct.
002A   0081           00173         MOVWF   OPTION_REG      ;DEFINE OPÇÕES DE OPERAÇÃO
002B   3000           00174         MOVLW   B'00000000'
002C   008B           00175         MOVWF   INTCON          ;DEFINE OPÇÕES DE INTERRUPÇÕES
002D   1283           00176         BANK0                           ;RETORNA PARA O BANCO
002E   3007           00177         MOVLW   B'00000111'
MPASM 5.84  /HOME/ANDRE/DOCUMENTS/2019.1/MIC   8-15-2019  13:07:32         PAGE  5


LOC  OBJECT CODE     LINE SOURCE TEXT
  VALUE

002F   0099           00178         MOVWF   CMCON           ;DEFINE O MODO DE OPERAÇÃO DO COMPARADOR ANALÓGICO
                      00179 
                      00180 ;* * * * * * * * * * * * * * * * * * * * * * * * * * * * * * * * * *
                      00181 ;*                     INICIALIZAÇÃO DAS VARIÁVEIS                 *
                      00182 ;* * * * * * * * * * * * * * * * * * * * * * * * * * * * * * * * * *
                      00183 
                      00184 ;* * * * * * * * * * * * * * * * * * * * * * * * * * * * * * * * * *
                      00185 ;*                     ROTINA PRINCIPAL                            *
                      00186 ;* * * * * * * * * * * * * * * * * * * * * * * * * * * * * * * * * *
0030                  00187 MAIN
                      00188 
                      00189         ;CORPO DA ROTINA PRINCIPAL
                      00190 
0030   3000           00191         MOVLW   .0
0031   00A3           00192         MOVWF   END1        ;ENDEREÇO INICIAL
0032   3028           00193         MOVLW   .40         
0033   00A4           00194         MOVWF   END2        ;ENDEREÇO FINAL
                      00195         
0034   301D           00196         MOVLW   .29
0035   00A2           00197         MOVWF   DADO
0036   3008           00198         MOVLW   .8
0037   2013           00199         CALL    GRAVA_EEPROM
0038   01A2           00200         CLRF    DADO
0039   3008           00201         MOVLW   .8
003A   200C           00202         CALL    LE_EEPROM
                      00203         
                      00204         
                      00205         ;INVERTENDO OS 40 VALORES DA EEPROM (40 INICIAIS)
                      00206         
                      00207         ;LENDO OS VALORES INICIAIS E FINAIS
                      00208         
003B                  00209 DESLOCAMENTO
003B   0823           00210         MOVFW   END1
003C   200C           00211         CALL    LE_EEPROM
003D   00A5           00212         MOVWF   VALOR_LIDO1
003E   0824           00213         MOVFW   END2
003F   200C           00214         CALL    LE_EEPROM
0040   00A6           00215         MOVWF   VALOR_LIDO2
                      00216         
                      00217         ;ESCREVENDO OS VALORES INICIAIS E FINAIS EM ORDEM INVERSA
                      00218         
0041   0825           00219         MOVFW   VALOR_LIDO1
0042   00A2           00220         MOVWF   DADO
0043   0824           00221         MOVFW   END2
0044   2013           00222         CALL    GRAVA_EEPROM
0045   01A2           00223         CLRF    DADO
                      00224         
0046   0826           00225         MOVFW   VALOR_LIDO2
0047   00A2           00226         MOVWF   DADO
0048   0823           00227         MOVFW   END1
0049   2013           00228         CALL    GRAVA_EEPROM
004A   01A2           00229         CLRF    DADO
                      00230         
MPASM 5.84  /HOME/ANDRE/DOCUMENTS/2019.1/MIC   8-15-2019  13:07:32         PAGE  6


LOC  OBJECT CODE     LINE SOURCE TEXT
  VALUE

                      00231         ;INCREMENTANDO E DECREMENTANDO O ENDEREÇO
                      00232         
Message[305]: Using default destination of 1 (file).
004B   0AA3           00233         INCF    END1
004C   3028           00234         MOVLW   .40
Message[305]: Using default destination of 1 (file).
004D   02A3           00235         SUBWF   END1
Message[305]: Using default destination of 1 (file).
004E   0BA4           00236         DECFSZ  END2
004F   283B           00237         GOTO    DESLOCAMENTO
                      00238 
0050                  00239 FIM
0050   2830           00240         GOTO    MAIN
                      00241 ;* * * * * * * * * * * * * * * * * * * * * * * * * * * * * * * * * *
                      00242 ;*                       FIM DO PROGRAMA                           *
                      00243 ;* * * * * * * * * * * * * * * * * * * * * * * * * * * * * * * * * *
                      00244 
                      00245         END
MPASM 5.84  /HOME/ANDRE/DOCUMENTS/2019.1/MIC   8-15-2019  13:07:32         PAGE  7


SYMBOL TABLE
  LABEL                             VALUE 

ADCON0                            0000001F
ADCS0                             00000004
ADCS1                             00000005
ADCS2                             00000006
ADFM                              00000007
ADIE                              00000006
ADIF                              00000006
ADON                              00000000
ADRESH                            0000001E
ADRESL                            0000009E
AGUARDA                           0000001F
ANS0                              00000000
ANS1                              00000001
ANS2                              00000002
ANS3                              00000003
ANSEL                             0000009F
BANK0                             BCF STATUS,RP0
BANK1                             BSF STATUS,RP0
C                                 00000000
CAL0                              00000002
CAL1                              00000003
CAL2                              00000004
CAL3                              00000005
CAL4                              00000006
CAL5                              00000007
CHS0                              00000002
CHS1                              00000003
CINV                              00000004
CIS                               00000003
CM0                               00000000
CM1                               00000001
CM2                               00000002
CMCON                             00000019
CMIE                              00000003
CMIF                              00000003
COUT                              00000006
DADO                              00000022
DC                                00000001
DESLOCAMENTO                      0000003B
EEADR                             0000009B
EECON1                            0000009C
EECON2                            0000009D
EEDAT                             0000009A
EEDATA                            0000009A
EEIE                              00000007
EEIF                              00000007
END1                              00000023
END2                              00000024
F                                 00000001
FIM                               00000050
FSR                               00000004
GIE                               00000007
GO                                00000001
MPASM 5.84  /HOME/ANDRE/DOCUMENTS/2019.1/MIC   8-15-2019  13:07:32         PAGE  8


SYMBOL TABLE
  LABEL                             VALUE 

GO_DONE                           00000001
GO_NOT_DONE                       00000001
GP0                               00000000
GP1                               00000001
GP2                               00000002
GP3                               00000003
GP4                               00000004
GP5                               00000005
GPIE                              00000003
GPIF                              00000000
GPIO                              00000005
GPIO0                             00000000
GPIO1                             00000001
GPIO2                             00000002
GPIO3                             00000003
GPIO4                             00000004
GPIO5                             00000005
GRAVA_EEPROM                      00000013
INDF                              00000000
INICIO                            00000025
INTCON                            0000000B
INTE                              00000004
INTEDG                            00000006
INTF                              00000001
IOC                               00000096
IOC0                              00000000
IOC1                              00000001
IOC2                              00000002
IOC3                              00000003
IOC4                              00000004
IOC5                              00000005
IOCB                              00000096
IOCB0                             00000000
IOCB1                             00000001
IOCB2                             00000002
IOCB3                             00000003
IOCB4                             00000004
IOCB5                             00000005
IRP                               00000007
LE_EEPROM                         0000000C
MAIN                              00000030
NOT_BOD                           00000000
NOT_BOR                           00000000
NOT_DONE                          00000001
NOT_GPPU                          00000007
NOT_PD                            00000003
NOT_POR                           00000001
NOT_T1SYNC                        00000002
NOT_TO                            00000004
OPTION_REG                        00000081
OSCCAL                            00000090
PCL                               00000002
PCLATH                            0000000A
MPASM 5.84  /HOME/ANDRE/DOCUMENTS/2019.1/MIC   8-15-2019  13:07:32         PAGE  9


SYMBOL TABLE
  LABEL                             VALUE 

PCON                              0000008E
PEIE                              00000006
PIE1                              0000008C
PIR1                              0000000C
PS0                               00000000
PS1                               00000001
PS2                               00000002
PSA                               00000003
RD                                00000000
RP0                               00000005
RP1                               00000006
SAI_INT                           00000007
STATUS                            00000003
STATUS_TEMP                       00000021
SUBROTINA1                        00000024
T0CS                              00000005
T0IE                              00000005
T0IF                              00000002
T0SE                              00000004
T1CKPS0                           00000004
T1CKPS1                           00000005
T1CON                             00000010
T1IE                              00000000
T1IF                              00000000
T1OSCEN                           00000003
TMR0                              00000001
TMR0IE                            00000005
TMR0IF                            00000002
TMR1                              0000000E
TMR1CS                            00000001
TMR1GE                            00000006
TMR1H                             0000000F
TMR1IE                            00000000
TMR1IF                            00000000
TMR1L                             0000000E
TMR1ON                            00000000
TRISIO                            00000085
TRISIO0                           00000000
TRISIO1                           00000001
TRISIO2                           00000002
TRISIO3                           00000003
TRISIO4                           00000004
TRISIO5                           00000005
VALOR_LIDO1                       00000025
VALOR_LIDO2                       00000026
VCFG                              00000006
VR0                               00000000
VR1                               00000001
VR2                               00000002
VR3                               00000003
VRCON                             00000099
VREN                              00000007
VRR                               00000005
MPASM 5.84  /HOME/ANDRE/DOCUMENTS/2019.1/MIC   8-15-2019  13:07:32         PAGE 10


SYMBOL TABLE
  LABEL                             VALUE 

W                                 00000000
WPU                               00000095
WPU0                              00000000
WPU1                              00000001
WPU2                              00000002
WPU4                              00000004
WPU5                              00000005
WR                                00000001
WREN                              00000002
WRERR                             00000003
W_TEMP                            00000020
Z                                 00000002
_BODEN_OFF                        00003FBF
_BODEN_ON                         00003FFF
_BOREN_OFF                        00003FBF
_BOREN_ON                         00003FFF
_CONFIG                           00002007
_CPD_OFF                          00003FFF
_CPD_ON                           00003EFF
_CP_OFF                           00003FFF
_CP_ON                            00003F7F
_DEVID1                           00002006
_EC_OSC                           00003FFB
_EXTRC_OSC_CLKOUT                 00003FFF
_EXTRC_OSC_NOCLKOUT               00003FFE
_FOSC_EC                          00003FFB
_FOSC_EXTRCCLK                    00003FFF
_FOSC_EXTRCIO                     00003FFE
_FOSC_HS                          00003FFA
_FOSC_INTRCCLK                    00003FFD
_FOSC_INTRCIO                     00003FFC
_FOSC_LP                          00003FF8
_FOSC_XT                          00003FF9
_HS_OSC                           00003FFA
_IDLOC0                           00002000
_IDLOC1                           00002001
_IDLOC2                           00002002
_IDLOC3                           00002003
_INTRC_OSC_CLKOUT                 00003FFD
_INTRC_OSC_NOCLKOUT               00003FFC
_LP_OSC                           00003FF8
_MCLRE_OFF                        00003FDF
_MCLRE_ON                         00003FFF
_PWRTE_OFF                        00003FFF
_PWRTE_ON                         00003FEF
_WDTE_OFF                         00003FF7
_WDTE_ON                          00003FFF
_WDT_OFF                          00003FF7
_WDT_ON                           00003FFF
_XT_OSC                           00003FF9
__12F675                          00000001
__DEBUG                           
__MPLAB_DEBUGGER_SIMULATOR        1
MPASM 5.84  /HOME/ANDRE/DOCUMENTS/2019.1/MIC   8-15-2019  13:07:32         PAGE 11


MEMORY USAGE MAP ('X' = Used,  '-' = Unused)


0000 : X---XXXXXXXXXXXX XXXXXXXXXXXXXXXX XXXXXXXXXXXXXXXX XXXXXXXXXXXXXXXX
0040 : XXXXXXXXXXXXXXXX X--------------- ---------------- ----------------
2000 : -------X-------- ---------------- ---------------- ----------------
2100 : XXXXXXXXXXXXXXXX XXXXXXXXXXXXXXXX XXXXXXXX-------- ----------------

All other memory blocks unused.

Program Memory Words Used:    78
Program Memory Words Free:   946


Errors   :     0
Warnings :     0 reported,     0 suppressed
Messages :    16 reported,     0 suppressed

