MPASM 5.84  /HOME/ANDRE/DOCUMENTS/2019.1/MIC   7-4-2019  13:43:08         PAGE  1


LOC  OBJECT CODE     LINE SOURCE TEXT
  VALUE

                      00001 ;* * * * * * * * * * * * * * * * * * * * * * * * * * * * * * * * * *
                      00002 ;*              MODIFICAÇÕES PARA USO COM 12F675                   *
                      00003 ;*                FEITAS PELO PROF. MARDSON                        *
                      00004 ;*                      JUNHO DE 2019                              *
                      00005 ;* * * * * * * * * * * * * * * * * * * * * * * * * * * * * * * * * *
                      00006 
                      00007 ;* * * * * * * * * * * * * * * * * * * * * * * * * * * * * * * * * *
                      00008 ;*                       ATIVIDADE 3                               *
                      00009 ;*              ANDRE OLIVEIRA DE SOUSA - 11325684                 *
                      00010 ;*         DESENVOLVIDO PELA MOSAICO ENGENHARIA E CONSULTORIA      *
                      00011 ;*   VERSÃO: 1.0                           DATA: 17/06/03          *
                      00012 ;* * * * * * * * * * * * * * * * * * * * * * * * * * * * * * * * * *
                      00013 ;*                     DESCRIÇÃO DO ARQUIVO                        *
                      00014 ;*-----------------------------------------------------------------*
                      00015 ;*   MODELO PARA O PIC 12F675                                      *
                      00016 ;*                                                                 *
                      00017 ;*                                                                 *
                      00018 ;* * * * * * * * * * * * * * * * * * * * * * * * * * * * * * * * * *
                      00019 
                      00020 ;* * * * * * * * * * * * * * * * * * * * * * * * * * * * * * * * * *
                      00021 ;*                     ARQUIVOS DE DEFINIÇÕES                      *
                      00022 ;* * * * * * * * * * * * * * * * * * * * * * * * * * * * * * * * * *
                      00023 #INCLUDE <p12f675.inc>  ;ARQUIVO PADRÃO MICROCHIP PARA 12F675
                      00001         LIST
                      00002 
                      00003 ;==========================================================================
                      00004 ; Build date : Mar 17 2019
                      00005 ;  MPASM PIC12F675 processor include
                      00006 ; 
                      00007 ;  (c) Copyright 1999-2019 Microchip Technology, All rights reserved
                      00008 ;==========================================================================
                      00009 
                      00367         LIST
                      00024 
2007   3FA4           00025         __CONFIG _BODEN_OFF & _CP_OFF & _PWRTE_ON & _WDT_OFF & _MCLRE_ON & _INTRC_OSC_NOCLKOUT
                      00026 
                      00027 ;* * * * * * * * * * * * * * * * * * * * * * * * * * * * * * * * * *
                      00028 ;*                    PAGINAÇÃO DE MEMÓRIA                         *
                      00029 ;* * * * * * * * * * * * * * * * * * * * * * * * * * * * * * * * * *
                      00030 ;DEFINIÇÃO DE COMANDOS DE USUÁRIO PARA ALTERAÇÃO DA PÁGINA DE MEMÓRIA
                      00031 #DEFINE BANK0   BCF STATUS,RP0  ;SETA BANK 0 DE MEMÓRIA
                      00032 #DEFINE BANK1   BSF STATUS,RP0  ;SETA BANK 1 DE MAMÓRIA
                      00033 
                      00034 ;* * * * * * * * * * * * * * * * * * * * * * * * * * * * * * * * * *
                      00035 ;*                         VARIÁVEIS                               *
                      00036 ;* * * * * * * * * * * * * * * * * * * * * * * * * * * * * * * * * *
                      00037 ; DEFINIÇÃO DOS NOMES E ENDEREÇOS DE TODAS AS VARIÁVEIS UTILIZADAS 
                      00038 ; PELO SISTEMA
                      00039 
                      00040         CBLOCK  0x20    ;ENDEREÇO INICIAL DA MEMÓRIA DE
                      00041                                         ;USUÁRIO
  00000020            00042                 W_TEMP          ;REGISTRADORES TEMPORÁRIOS PARA USO
  00000021            00043                 STATUS_TEMP     ;JUNTO ÀS INTERRUPÇÕES
MPASM 5.84  /HOME/ANDRE/DOCUMENTS/2019.1/MIC   7-4-2019  13:43:08         PAGE  2


LOC  OBJECT CODE     LINE SOURCE TEXT
  VALUE

                      00044 
                      00045                 ;NOVAS VARIÁVEIS
                      00046                 
  00000022            00047                 TEMP1
                      00048 
                      00049         ENDC                    ;FIM DO BLOCO DE MEMÓRIA
                      00050 ;* * * * * * * * * * * * * * * * * * * * * * * * * * * * * * * * * *
                      00051 ;*                        FLAGS INTERNOS                           *
                      00052 ;* * * * * * * * * * * * * * * * * * * * * * * * * * * * * * * * * *
                      00053 ; DEFINIÇÃO DE TODOS OS FLAGS UTILIZADOS PELO SISTEMA
                      00054 
                      00055 ;* * * * * * * * * * * * * * * * * * * * * * * * * * * * * * * * * *
                      00056 ;*                         CONSTANTES                              *
                      00057 ;* * * * * * * * * * * * * * * * * * * * * * * * * * * * * * * * * *
                      00058 ; DEFINIÇÃO DE TODAS AS CONSTANTES UTILIZADAS PELO SISTEMA
                      00059 
                      00060 ;* * * * * * * * * * * * * * * * * * * * * * * * * * * * * * * * * *
                      00061 ;*                           ENTRADAS                              *
                      00062 ;* * * * * * * * * * * * * * * * * * * * * * * * * * * * * * * * * *
                      00063 ; DEFINIÇÃO DE TODOS OS PINOS QUE SERÃO UTILIZADOS COMO ENTRADA
                      00064 ; RECOMENDAMOS TAMBÉM COMENTAR O SIGNIFICADO DE SEUS ESTADOS (0 E 1)
                      00065 
                      00066 ;* * * * * * * * * * * * * * * * * * * * * * * * * * * * * * * * * *
                      00067 ;*                           SAÍDAS                                *
                      00068 ;* * * * * * * * * * * * * * * * * * * * * * * * * * * * * * * * * *
                      00069 ; DEFINIÇÃO DE TODOS OS PINOS QUE SERÃO UTILIZADOS COMO SAÍDA
                      00070 ; RECOMENDAMOS TAMBÉM COMENTAR O SIGNIFICADO DE SEUS ESTADOS (0 E 1)
                      00071 
                      00072 ;* * * * * * * * * * * * * * * * * * * * * * * * * * * * * * * * * *
                      00073 ;*                       VETOR DE RESET                            *
                      00074 ;* * * * * * * * * * * * * * * * * * * * * * * * * * * * * * * * * *
                      00075 
0000                  00076         ORG     0x00                    ;ENDEREÇO INICIAL DE PROCESSAMENTO
0000   280D           00077         GOTO    INICIO
                      00078         
                      00079 ;* * * * * * * * * * * * * * * * * * * * * * * * * * * * * * * * * *
                      00080 ;*                    INÍCIO DA INTERRUPÇÃO                        *
                      00081 ;* * * * * * * * * * * * * * * * * * * * * * * * * * * * * * * * * *
                      00082 ; ENDEREÇO DE DESVIO DAS INTERRUPÇÕES. A PRIMEIRA TAREFA É SALVAR OS
                      00083 ; VALORES DE "W" E "STATUS" PARA RECUPERAÇÃO FUTURA
                      00084 
0004                  00085         ORG     0x04                    ;ENDEREÇO INICIAL DA INTERRUPÇÃO
0004   00A0           00086         MOVWF   W_TEMP          ;COPIA W PARA W_TEMP
0005   0E03           00087         SWAPF   STATUS,W
0006   00A1           00088         MOVWF   STATUS_TEMP     ;COPIA STATUS PARA STATUS_TEMP
                      00089 
                      00090 ;* * * * * * * * * * * * * * * * * * * * * * * * * * * * * * * * * *
                      00091 ;*                    ROTINA DE INTERRUPÇÃO                        *
                      00092 ;* * * * * * * * * * * * * * * * * * * * * * * * * * * * * * * * * *
                      00093 ; AQUI SERÃO ESCRITAS AS ROTINAS DE RECONHECIMENTO E TRATAMENTO DAS
                      00094 ; INTERRUPÇÕES
                      00095 
                      00096 ;* * * * * * * * * * * * * * * * * * * * * * * * * * * * * * * * * *
MPASM 5.84  /HOME/ANDRE/DOCUMENTS/2019.1/MIC   7-4-2019  13:43:08         PAGE  3


LOC  OBJECT CODE     LINE SOURCE TEXT
  VALUE

                      00097 ;*                 ROTINA DE SAÍDA DA INTERRUPÇÃO                  *
                      00098 ;* * * * * * * * * * * * * * * * * * * * * * * * * * * * * * * * * *
                      00099 ; OS VALORES DE "W" E "STATUS" DEVEM SER RECUPERADOS ANTES DE 
                      00100 ; RETORNAR DA INTERRUPÇÃO
                      00101 
0007                  00102 SAI_INT
0007   0E21           00103         SWAPF   STATUS_TEMP,W
0008   0083           00104         MOVWF   STATUS          ;MOVE STATUS_TEMP PARA STATUS
0009   0EA0           00105         SWAPF   W_TEMP,F
000A   0E20           00106         SWAPF   W_TEMP,W        ;MOVE W_TEMP PARA W
000B   0009           00107         RETFIE
                      00108 
                      00109 ;* * * * * * * * * * * * * * * * * * * * * * * * * * * * * * * * * *
                      00110 ;*                       ROTINAS E SUBROTINAS                      *
                      00111 ;* * * * * * * * * * * * * * * * * * * * * * * * * * * * * * * * * *
                      00112 ; CADA ROTINA OU SUBROTINA DEVE POSSUIR A DESCRIÇÃO DE FUNCIONAMENTO
                      00113 ; E UM NOME COERENTE ÀS SUAS FUNÇÕES.
                      00114 
000C                  00115 SUBROTINA1
                      00116 
                      00117         ;CORPO DA ROTINA
                      00118 
000C   0008           00119         RETURN
                      00120 
                      00121 ;* * * * * * * * * * * * * * * * * * * * * * * * * * * * * * * * * *
                      00122 ;*                     INICIO DO PROGRAMA                          *
                      00123 ;* * * * * * * * * * * * * * * * * * * * * * * * * * * * * * * * * *
                      00124         
000D                  00125 INICIO
000D   1683           00126         BANK1                           ;ALTERA PARA O BANCO 1
000E   3003           00127         MOVLW   B'00000011' ;CONFIGURA TODAS AS PORTAS DO GPIO (PINOS)
Message[302]: Register in operand not in bank 0.  Ensure that bank bits are correct.
000F   0085           00128         MOVWF   TRISIO          ;COMO SAÍDAS
Message[302]: Register in operand not in bank 0.  Ensure that bank bits are correct.
0010   019F           00129         CLRF    ANSEL           ;DEFINE PORTAS COMO Digital I/O
0011   3004           00130         MOVLW   B'00000100'
Message[302]: Register in operand not in bank 0.  Ensure that bank bits are correct.
0012   0081           00131         MOVWF   OPTION_REG      ;DEFINE OPÇÕES DE OPERAÇÃO
0013   3000           00132         MOVLW   B'00000000'
0014   008B           00133         MOVWF   INTCON          ;DEFINE OPÇÕES DE INTERRUPÇÕES
0015   1283           00134         BANK0                           ;RETORNA PARA O BANCO
0016   3007           00135         MOVLW   B'00000111'
0017   0099           00136         MOVWF   CMCON           ;DEFINE O MODO DE OPERAÇÃO DO COMPARADOR ANALÓGICO
                      00137 
                      00138 ;* * * * * * * * * * * * * * * * * * * * * * * * * * * * * * * * * *
                      00139 ;*                     INICIALIZAÇÃO DAS VARIÁVEIS                 *
                      00140 ;* * * * * * * * * * * * * * * * * * * * * * * * * * * * * * * * * *
                      00141 
                      00142 ;* * * * * * * * * * * * * * * * * * * * * * * * * * * * * * * * * *
                      00143 ;*                     ROTINA PRINCIPAL                            *
                      00144 ;* * * * * * * * * * * * * * * * * * * * * * * * * * * * * * * * * *
0018                  00145 MAIN
                      00146 
MPASM 5.84  /HOME/ANDRE/DOCUMENTS/2019.1/MIC   7-4-2019  13:43:08         PAGE  4


LOC  OBJECT CODE     LINE SOURCE TEXT
  VALUE

                      00147         ;CORPO DA ROTINA PRINCIPAL 
0018   1C05           00148         BTFSS   GPIO,GP0        ;TESTES PARA SABER QUAL A 
0019   281D           00149         GOTO    $ + 4           ;COMBINACAO DE GP0 E GP1
001A   1C85           00150         BTFSS   GPIO,GP1        ;PARA SABER EM QUAL INTENSIDADE DEVE DEIXAR
001B   284D           00151         GOTO    ROTINA3         ;O GP5
001C   2861           00152         GOTO    ROTINA4         ;UMA DAS 4 OPCOES DE ROTINA DE INTENSIDADE DO LED
001D   1885           00153         BTFSC   GPIO,GP1        ;SERA ESCOLHIDA
001E   2836           00154         GOTO    ROTINA2         ;AQUI TERMINA A FASE DE TESTES E ESCOLHA DA ROTINA ADEQUADA
                      00155         
                      00156 
                      00157 ;CADA ROTINA E SUBROTINA ABAIXO VISA DEIXAR GP5 EM HIGH E EM LOW O PERCENTUAL DO PERIODO PEDIDO 
                      00158 ;LEMBRANDO QUE TEMOS UMA FREQUENCIA DE 500 HZ, O QUE INDICA UM PERIODO DE 2 ms
                      00159 ;QUE CORRESPONDE A 200 MICROSSEGUNDOS = 200 CILOS DE MAQUINA
                      00160         
                      00161         
001F                  00162 ROTINA1                         ;ESSA ROTINA DEIXA GP5 5% EM HIGH E 95% EM LOW QUANDO GP0 = 0 E GP1 = 0
001F   1685           00163         BSF     GPIO,GP5        ;SETA GP5
0020   3020           00164         MOVLW   .32             
0021   00A2           00165         MOVWF   TEMP1           ;SETA TEMP1 COM 32
Warning[207]: Found label after column 1. (ROTINA1_2)
0022                  00166     ROTINA1_2                   ;NESTA ETAPA VAMOS DECREMENTAR TEMP1 ATE ZERO
0022   0BA2           00167         DECFSZ  TEMP1,F         ;PARA JUNTAMENTE COM AS INSTRUCOES "NOP" ABAIXO
0023   2822           00168         GOTO    ROTINA1_2       ;GASTAR O TEMPO NECESSARIO ATE CHEGARMOS EM BCF
0024   0000           00169         NOP
0025   0000           00170         NOP
0026   1285           00171         BCF     GPIO,GP5        ;AQUI COLOCAMOS GP5 EM LOW POR 95% DO PERIODO
0027   30FA           00172         MOVLW   .250            ;SETA TEMP1 COM 250
0028   00A2           00173         MOVWF   TEMP1
Warning[207]: Found label after column 1. (ROTINA1_2_C1)
0029                  00174     ROTINA1_2_C1                ;NESTA ETAPA SEGUE A MESMA LOGICA DE DECREMENTAR TEMP1
0029   0BA2           00175         DECFSZ  TEMP1,F         ;PARA AO FINAL DA ROTINA QUANDO CHEGAR NO 
002A   2829           00176         GOTO    ROTINA1_2_C1    ;GOTO MAIN, JA TERMOS GASTO O TEMPO NECESSARIO
002B   0000           00177         NOP                     ;COM GP5 EM LOW 
002C   30FA           00178         MOVLW   .250            ;SETAMOS OUTRO VALOR PARA TEMP1 POIS AINDA NAO
002D   00A2           00179         MOVWF   TEMP1           ;ATINGIMOS O TEMPO NECESSARIO E NAO PODIAMOS COLOCAR MAIS QUE 255 EM TEM
                            P1
Warning[207]: Found label after column 1. (ROTINA1_2_C2)
002E                  00180     ROTINA1_2_C2                ;NESTA ETAPA CONTINUAMOS DECREMENTANDO TEMP1
002E   0BA2           00181         DECFSZ  TEMP1,F         ;PARA JUNTAMENTE COM OUTRAS INTRUCOES, ATINGIRMOS
002F   282E           00182         GOTO    ROTINA1_2_C2    ;O TEMPO EM QUE GP5 DEVE FICAR EM LOW
0030   0000           00183         NOP
0031   3083           00184         MOVLW   .131            ;AQUI SE REPETE O PROCEDIMENTO POIS AINDA NAO
0032   00A2           00185         MOVWF   TEMP1           ;ATINGIMOS O TEMPO NECESSARIO
Warning[207]: Found label after column 1. (ROTINA1_2_C3)
0033                  00186     ROTINA1_2_C3
0033   0BA2           00187         DECFSZ  TEMP1,F
0034   2833           00188         GOTO    ROTINA1_2_C3    
                      00189         
0035   2818           00190     GOTO    MAIN                ;FINALMENTE, CHEGANDO AQUI, JA TEMOS DEIXADO GP5 95% EM LOW
                      00191 
0036                  00192 ROTINA2                         ;ESSA ROTINA DEIXA GP5 20% EM HIGH E 80% EM LOW QUANDO GP0 = 0 E GP1 = 1
0036   1685           00193         BSF     GPIO,GP5        ;A SEQUENCIA ATE O GOTO MAIN SEGUE EXATAMENTE A MESMA LOGICA
0037   3084           00194         MOVLW   .132            ;DA ROTINA1 QUE JA FOI EXPLICADA
MPASM 5.84  /HOME/ANDRE/DOCUMENTS/2019.1/MIC   7-4-2019  13:43:08         PAGE  5


LOC  OBJECT CODE     LINE SOURCE TEXT
  VALUE

0038   00A2           00195         MOVWF   TEMP1
Warning[207]: Found label after column 1. (ROTINA2_2)
0039                  00196     ROTINA2_2    
0039   0BA2           00197         DECFSZ  TEMP1,F
003A   2839           00198         GOTO    ROTINA2_2
003B   0000           00199         NOP
003C   0000           00200         NOP
003D   1285           00201         BCF     GPIO,GP5
003E   30FA           00202         MOVLW   .250   
003F   00A2           00203         MOVWF   TEMP1
Warning[207]: Found label after column 1. (ROTINA2_2_C1)
0040                  00204     ROTINA2_2_C1   
0040   0BA2           00205         DECFSZ  TEMP1,F
0041   2840           00206         GOTO    ROTINA2_2_C1
0042   30FA           00207         MOVLW   .250   
0043   00A2           00208         MOVWF   TEMP1
Warning[207]: Found label after column 1. (ROTINA2_2_C2)
0044                  00209     ROTINA2_2_C2
0044   0BA2           00210         DECFSZ  TEMP1,F
0045   2844           00211         GOTO    ROTINA2_2_C2
0046   301F           00212         MOVLW   .31   
0047   00A2           00213         MOVWF   TEMP1
Warning[207]: Found label after column 1. (ROTINA2_2_C3)
0048                  00214     ROTINA2_2_C3
0048   0BA2           00215         DECFSZ  TEMP1,F
0049   2848           00216         GOTO    ROTINA2_2_C3
004A   0000           00217         NOP
004B   0000           00218         NOP
                      00219         
004C   2818           00220     GOTO    MAIN
                      00221     
004D                  00222 ROTINA3                         ;ESSA ROTINA DEIXA GP5 60% EM HIGH E 40% EM LOW QUANDO GP0 = 1 E GP1 = 0
004D   1685           00223         BSF     GPIO,GP5        ;TODA A ROTINA É EXATAMENTE IGUAL A ROTINA1 QUE JA FOI COMENTADA
004E   30FA           00224         MOVLW   .250   
004F   00A2           00225         MOVWF   TEMP1
Warning[207]: Found label after column 1. (ROTINA3_2)
0050                  00226     ROTINA3_2    
0050   0BA2           00227         DECFSZ  TEMP1,F
0051   2850           00228         GOTO    ROTINA3_2
0052   3095           00229         MOVLW   .149
0053   00A2           00230         MOVWF   TEMP1  
Warning[207]: Found label after column 1. (ROTINA3_3)
0054                  00231     ROTINA3_3
0054   0BA2           00232         DECFSZ  TEMP1,F
0055   2854           00233         GOTO    ROTINA3_3
0056   1285           00234         BCF     GPIO,GP5
0057   30FA           00235         MOVLW   .250
0058   00A2           00236         MOVWF   TEMP1  
Warning[207]: Found label after column 1. (ROTINA3_3_C1)
0059                  00237     ROTINA3_3_C1
0059   0BA2           00238         DECFSZ  TEMP1,F
005A   2859           00239         GOTO    ROTINA3_3_C1
005B   0000           00240         NOP 
MPASM 5.84  /HOME/ANDRE/DOCUMENTS/2019.1/MIC   7-4-2019  13:43:08         PAGE  6


LOC  OBJECT CODE     LINE SOURCE TEXT
  VALUE

005C   300F           00241         MOVLW   .15
005D   00A2           00242         MOVWF   TEMP1  
Warning[207]: Found label after column 1. (ROTINA3_3_C2)
005E                  00243     ROTINA3_3_C2
005E   0BA2           00244         DECFSZ  TEMP1,F
005F   285E           00245         GOTO    ROTINA3_3_C2
                      00246 
0060   2818           00247     GOTO    MAIN
                      00248     
0061                  00249 ROTINA4                             ;ESSA ROTINA DEIXA GP5 100% EM HIGH E 0% EM LOW QUANDO GP0 = 1 E GP1
                             = 1
0061   1685           00250         BSF     GPIO,GP5            ;NOVAMENTE O RESTANDO DO CODIGO SEGUE A LOGICA DA ROTINA1
0062   30FA           00251         MOVLW   .250                ;ONDE DEVEMOS GASTAR, NESSE CASO, OS 100% DO TEMPO, OU SEJA,
0063   00A2           00252         MOVWF   TEMP1               ;OS 2 ms COM GP5 EM HIGH
Warning[207]: Found label after column 1. (ROTINA4_2)
0064                  00253     ROTINA4_2    
0064   0BA2           00254         DECFSZ  TEMP1,F
0065   2864           00255         GOTO    ROTINA4_2
0066   30FA           00256         MOVLW   .250 
0067   00A2           00257         MOVWF   TEMP1 
Warning[207]: Found label after column 1. (ROTINA4_3)
0068                  00258     ROTINA4_3
0068   0BA2           00259         DECFSZ  TEMP1,F 
0069   2868           00260         GOTO    ROTINA4_3
006A   30A5           00261         MOVLW   .165  
006B   00A2           00262         MOVWF   TEMP1 
Warning[207]: Found label after column 1. (ROTINA4_4)
006C                  00263     ROTINA4_4
006C   0BA2           00264         DECFSZ  TEMP1,F
006D   286C           00265         GOTO    ROTINA4_4
                      00266         
006E   2818           00267     GOTO    MAIN    
                      00268 
                      00269 ;* * * * * * * * * * * * * * * * * * * * * * * * * * * * * * * * * *
                      00270 ;*                       FIM DO PROGRAMA                           *
                      00271 ;* * * * * * * * * * * * * * * * * * * * * * * * * * * * * * * * * *
                      00272 
                      00273         END
MPASM 5.84  /HOME/ANDRE/DOCUMENTS/2019.1/MIC   7-4-2019  13:43:08         PAGE  7


SYMBOL TABLE
  LABEL                             VALUE 

ADCON0                            0000001F
ADCS0                             00000004
ADCS1                             00000005
ADCS2                             00000006
ADFM                              00000007
ADIE                              00000006
ADIF                              00000006
ADON                              00000000
ADRESH                            0000001E
ADRESL                            0000009E
ANS0                              00000000
ANS1                              00000001
ANS2                              00000002
ANS3                              00000003
ANSEL                             0000009F
BANK0                             BCF STATUS,RP0
BANK1                             BSF STATUS,RP0
C                                 00000000
CAL0                              00000002
CAL1                              00000003
CAL2                              00000004
CAL3                              00000005
CAL4                              00000006
CAL5                              00000007
CHS0                              00000002
CHS1                              00000003
CINV                              00000004
CIS                               00000003
CM0                               00000000
CM1                               00000001
CM2                               00000002
CMCON                             00000019
CMIE                              00000003
CMIF                              00000003
COUT                              00000006
DC                                00000001
EEADR                             0000009B
EECON1                            0000009C
EECON2                            0000009D
EEDAT                             0000009A
EEDATA                            0000009A
EEIE                              00000007
EEIF                              00000007
F                                 00000001
FSR                               00000004
GIE                               00000007
GO                                00000001
GO_DONE                           00000001
GO_NOT_DONE                       00000001
GP0                               00000000
GP1                               00000001
GP2                               00000002
GP3                               00000003
MPASM 5.84  /HOME/ANDRE/DOCUMENTS/2019.1/MIC   7-4-2019  13:43:08         PAGE  8


SYMBOL TABLE
  LABEL                             VALUE 

GP4                               00000004
GP5                               00000005
GPIE                              00000003
GPIF                              00000000
GPIO                              00000005
GPIO0                             00000000
GPIO1                             00000001
GPIO2                             00000002
GPIO3                             00000003
GPIO4                             00000004
GPIO5                             00000005
INDF                              00000000
INICIO                            0000000D
INTCON                            0000000B
INTE                              00000004
INTEDG                            00000006
INTF                              00000001
IOC                               00000096
IOC0                              00000000
IOC1                              00000001
IOC2                              00000002
IOC3                              00000003
IOC4                              00000004
IOC5                              00000005
IOCB                              00000096
IOCB0                             00000000
IOCB1                             00000001
IOCB2                             00000002
IOCB3                             00000003
IOCB4                             00000004
IOCB5                             00000005
IRP                               00000007
MAIN                              00000018
NOT_BOD                           00000000
NOT_BOR                           00000000
NOT_DONE                          00000001
NOT_GPPU                          00000007
NOT_PD                            00000003
NOT_POR                           00000001
NOT_T1SYNC                        00000002
NOT_TO                            00000004
OPTION_REG                        00000081
OSCCAL                            00000090
PCL                               00000002
PCLATH                            0000000A
PCON                              0000008E
PEIE                              00000006
PIE1                              0000008C
PIR1                              0000000C
PS0                               00000000
PS1                               00000001
PS2                               00000002
PSA                               00000003
MPASM 5.84  /HOME/ANDRE/DOCUMENTS/2019.1/MIC   7-4-2019  13:43:08         PAGE  9


SYMBOL TABLE
  LABEL                             VALUE 

RD                                00000000
ROTINA1                           0000001F
ROTINA1_2                         00000022
ROTINA1_2_C1                      00000029
ROTINA1_2_C2                      0000002E
ROTINA1_2_C3                      00000033
ROTINA2                           00000036
ROTINA2_2                         00000039
ROTINA2_2_C1                      00000040
ROTINA2_2_C2                      00000044
ROTINA2_2_C3                      00000048
ROTINA3                           0000004D
ROTINA3_2                         00000050
ROTINA3_3                         00000054
ROTINA3_3_C1                      00000059
ROTINA3_3_C2                      0000005E
ROTINA4                           00000061
ROTINA4_2                         00000064
ROTINA4_3                         00000068
ROTINA4_4                         0000006C
RP0                               00000005
RP1                               00000006
SAI_INT                           00000007
STATUS                            00000003
STATUS_TEMP                       00000021
SUBROTINA1                        0000000C
T0CS                              00000005
T0IE                              00000005
T0IF                              00000002
T0SE                              00000004
T1CKPS0                           00000004
T1CKPS1                           00000005
T1CON                             00000010
T1IE                              00000000
T1IF                              00000000
T1OSCEN                           00000003
TEMP1                             00000022
TMR0                              00000001
TMR0IE                            00000005
TMR0IF                            00000002
TMR1                              0000000E
TMR1CS                            00000001
TMR1GE                            00000006
TMR1H                             0000000F
TMR1IE                            00000000
TMR1IF                            00000000
TMR1L                             0000000E
TMR1ON                            00000000
TRISIO                            00000085
TRISIO0                           00000000
TRISIO1                           00000001
TRISIO2                           00000002
TRISIO3                           00000003
MPASM 5.84  /HOME/ANDRE/DOCUMENTS/2019.1/MIC   7-4-2019  13:43:08         PAGE 10


SYMBOL TABLE
  LABEL                             VALUE 

TRISIO4                           00000004
TRISIO5                           00000005
VCFG                              00000006
VR0                               00000000
VR1                               00000001
VR2                               00000002
VR3                               00000003
VRCON                             00000099
VREN                              00000007
VRR                               00000005
W                                 00000000
WPU                               00000095
WPU0                              00000000
WPU1                              00000001
WPU2                              00000002
WPU4                              00000004
WPU5                              00000005
WR                                00000001
WREN                              00000002
WRERR                             00000003
W_TEMP                            00000020
Z                                 00000002
_BODEN_OFF                        00003FBF
_BODEN_ON                         00003FFF
_BOREN_OFF                        00003FBF
_BOREN_ON                         00003FFF
_CONFIG                           00002007
_CPD_OFF                          00003FFF
_CPD_ON                           00003EFF
_CP_OFF                           00003FFF
_CP_ON                            00003F7F
_DEVID1                           00002006
_EC_OSC                           00003FFB
_EXTRC_OSC_CLKOUT                 00003FFF
_EXTRC_OSC_NOCLKOUT               00003FFE
_FOSC_EC                          00003FFB
_FOSC_EXTRCCLK                    00003FFF
_FOSC_EXTRCIO                     00003FFE
_FOSC_HS                          00003FFA
_FOSC_INTRCCLK                    00003FFD
_FOSC_INTRCIO                     00003FFC
_FOSC_LP                          00003FF8
_FOSC_XT                          00003FF9
_HS_OSC                           00003FFA
_IDLOC0                           00002000
_IDLOC1                           00002001
_IDLOC2                           00002002
_IDLOC3                           00002003
_INTRC_OSC_CLKOUT                 00003FFD
_INTRC_OSC_NOCLKOUT               00003FFC
_LP_OSC                           00003FF8
_MCLRE_OFF                        00003FDF
_MCLRE_ON                         00003FFF
MPASM 5.84  /HOME/ANDRE/DOCUMENTS/2019.1/MIC   7-4-2019  13:43:08         PAGE 11


SYMBOL TABLE
  LABEL                             VALUE 

_PWRTE_OFF                        00003FFF
_PWRTE_ON                         00003FEF
_WDTE_OFF                         00003FF7
_WDTE_ON                          00003FFF
_WDT_OFF                          00003FF7
_WDT_ON                           00003FFF
_XT_OSC                           00003FF9
__12F675                          00000001
__DEBUG                           
__MPLAB_DEBUGGER_SIMULATOR        1


MEMORY USAGE MAP ('X' = Used,  '-' = Unused)

0000 : X---XXXXXXXXXXXX XXXXXXXXXXXXXXXX XXXXXXXXXXXXXXXX XXXXXXXXXXXXXXXX
0040 : XXXXXXXXXXXXXXXX XXXXXXXXXXXXXXXX XXXXXXXXXXXXXXX- ----------------
2000 : -------X-------- ---------------- ---------------- ----------------

All other memory blocks unused.

Program Memory Words Used:   108
Program Memory Words Free:   916


Errors   :     0
Warnings :    15 reported,     0 suppressed
Messages :     3 reported,     0 suppressed

